667523781597327200
1795179881556384400
1780105471556308800
1692853921570267800
1337396571560009600
1802312961556893800
1556932031555088400
1790975831555599600
1757343531556215200
1786341961558792800
1794971911555088400
1800153461556125200
1755310231555002000
1795250761555005600
1124753291577458800
1805924341556978400
1807020741556726400
1796011661555171200
1796489221554912000
1724216831570287600
1805933441555686000
1705620441570280400
1798771671555174800
1801505261555855200
1768738151555948800
1794666481555167600
1755233371555606800
21352931557507600
1799844661555858800
1806909391555101000
1692442521556362800
1773017751558195200
1801977111555171200
1782117251561050000
1574119691568993400
1804989951555099200
1803926791554998400
1763325981556484900
1563303021555779600
1771418501555254000
1801163211558274400
1790320231558861200
1796264161559390400
862198351555855200
1797210261555686000
986143351555081200
1782830591557673200
1758751731559318400
21352931557507600
1804989951555099200
1801163211558274400
1790320231558861200
1794666481555167600
986143351555081200
1782117251561050000
1763325981556484900
1782830591557673200
1806909391555101000
1801977111555171200
1796011661555171200
1803926791554998400
862198351555855200
1799844661555858800
1768738151555948800
1755233371555606800
1773017751558195200
1563303021555779600
1758751731559318400
1692442521556362800
1771418501555254000
1796264161559390400
1574119691568993400
1797210261555686000
1790320231558861200
1782117251561050000
1801977111555171200
21352931557507600
1797210261555686000
1806909391555101000
1692442521556362800
1803926791554998400
986143351555081200
1804989951555099200
1771418501555254000
862198351555855200
1799844661555858800
1755233371555606800
1801163211558274400
1763325981556484900
1768738151555948800
1796264161559390400
1773017751558195200
1574119691568993400
1796011661555171200
1563303021555779600
1758751731559318400
1782830591557673200
1794666481555167600
1803926791554998400
1782830591557673200
21352931557507600
986143351555081200
1768738151555948800
1755233371555606800
1801163211558274400
1563303021555779600
1773017751558195200
862198351555855200
1782117251561050000
1758751731559318400
1790320231558861200
1796264161559390400
1574119691568993400
1771418501555254000
1763325981556484900
1799844661555858800
1797210261555686000
1796011661555171200
1801977111555171200
1794666481555167600
1692442521556362800
1806909391555101000
1804989951555099200
1801977111555171200
1763325981556484900
1692442521556362800
1574119691568993400
1771418501555254000
1803926791554998400
1806909391555101000
1782830591557673200
1790320231558861200
1768738151555948800
1801163211558274400
1804989951555099200
862198351555855200
1758751731559318400
1563303021555779600
1799844661555858800
986143351555081200
1794666481555167600
21352931557507600
1796011661555171200
1782117251561050000
1797210261555686000
1773017751558195200
1796264161559390400
1755233371555606800
1758751731559318400
1574119691568993400
1796264161559390400
862198351555855200
1692442521556362800
1563303021555779600
1799844661555858800
1771418501555254000
1796011661555171200
1803926791554998400
1794666481555167600
1804989951555099200
986143351555081200
21352931557507600
1801977111555171200
1763325981556484900
1768738151555948800
1755233371555606800
1806909391555101000
1773017751558195200
1790320231558861200
1797210261555686000
1782830591557673200
1801163211558274400
1782117251561050000
1790320231558861200
1758751731559318400
1796264161559390400
1574119691568993400
1771418501555254000
1803926791554998400
1796011661555171200
1801163211558274400
21352931557507600
1773017751558195200
1801977111555171200
1563303021555779600
1768738151555948800
1763325981556484900
1692442521556362800
986143351555081200
1804989951555099200
862198351555855200
1806909391555101000
1794666481555167600
1782830591557673200
1797210261555686000
1782117251561050000
1799844661555858800
1755233371555606800
1771044841870527600
1801252821556467200
1715467131568473200
1754790671555088400
1802002471558108800
1795715611555174800
1805322611554998400
1795282961555588800
1416187621561201200
1766420691557333000
1792646261556294400
1707099161555779600
1786983581555695000
1772794661555938000
1771921941555606800
1783534361555146000
1489606721555696800
1641293331556125200
1685090701560528000
1802400721555844400
1765505881558026000
1796303101574528400
1799591691559408400
1779826911555693200
1759275551555171200
1751074631555261200
1740223161558630800
1735955981555862400
1747836811558195200
1799631801560531600
1773182391555606800
1749792071555261200
1795125211558285200
1788926151558890000
1773591761556298000
1775835711556470800
1764716451556643600
1755995231557606600
1788820901560963600
1566666131574611200
1802412671559322000
1805807661567789200
1752062861555088400
1795749841557590400
1690445561575133200
1806515661560358800
1522481341556985600
1803428511558868400
1776772121555084800
1497980861555187400
1808796431556290800
1171956251558792800
1644141151554915600
1419171381554829200
1806416801556211600
1807017251555606800
1807151501558717200
1419171381558026000
1808122761556816400
1768198621560960000
1809958611556636400
1644141151555520400
1792646261556290800
